Microsoft (R) Macro Assembler Version 6.15.8803		    09/10/19 13:59:30
eg0206.asm						     Page 1 - 1


				;eg0206.asm
					include io32.inc
			      C .nolist
			      C 
			      C ;filename: io32.inc
			      C ;A include file used with io32.lib for Windows Console
			      C 
			      C 	.686
			      C 	.model flat,stdcall
			      C 
			      C 	option casemap:none
			      C 	includelib bin\kernel32.lib
			      C 
			      C ExitProcess proto,:DWORD
			      C exit	MACRO dwexitcode
			      C 	invoke ExitProcess,dwexitcode
			      C 	ENDM
			      C 
			      C ;declare procedures for inputting and outputting charactor or string
			      C 	extern readc:near,readmsg:near
			      C 	extern dispc:near,dispmsg:near,dispcrlf:near
			      C ;declare procedures for inputting and outputting binary number
			      C 	extern readbb:near,readbw:near,readbd:near
			      C 	extern dispbb:near,dispbw:near,dispbd:near
			      C ;declare procedures for inputting and outputting hexadecimal number
			      C 	extern readhb:near,readhw:near,readhd:near
			      C 	extern disphb:near,disphw:near,disphd:near
			      C ;declare procedures for inputting and outputting unsigned integer number
			      C 	extern readuib:near,readuiw:near,readuid:near
			      C 	extern dispuib:near,dispuiw:near,dispuid:near
			      C ;declare procedures for inputting and outputting signed integer number
			      C 	extern readsib:near,readsiw:near,readsid:near
			      C 	extern dispsib:near,dispsiw:near,dispsid:near
			      C ;declare procedures for outputting registers
			      C 	extern disprb:near,disprw:near,disprd:near,disprf:near
			      C ;declare I/O libraries
			      C 	includelib io32.lib
			      C 
			      C .list
			      C 
 00000000				.data
 00000000 12 34			bvar	byte 12h,34h
					org $+10 
 0000000C 0001 0002 0003	array	word 1,2,3,4,5,6,7,8,9,10
	   0004 0005 0006
	   0007 0008 0009
	   000A
 00000020 5678			wvar	word 5678h
 00000022 = 00000016		arr_size	= $-array
 = 0000000B			arr_len	= arr_size/2
 00000022 9ABCDEF0		dvar	dword 9abcdef0h
 00000000				.code
 00000000			start:
 00000000  A0 00000000 R		mov al,bvar
 00000005  8A 25 00000001 R		mov ah,bvar+1
 0000000B  66| 8B 1D			mov bx,wvar[2]
	   00000022 R
 00000012  B9 0000000B			mov ecx,arr_len
 00000017  BA 00000017 R		mov edx,$
 0000001C  BE 00000022 R		mov esi,offset dvar
 00000021  8B 3E			mov edi,[esi]
 00000023  8B 2D 00000022 R		mov ebp,dvar
 00000029  E8 00000000 E		call disprd

					exit 0
 0000002E  6A 00	   *	    push   +000000000h
 00000030  E8 00000000 E   *	    call   ExitProcess
			     1		invoke ExitProcess,0
 00000035				end start
Microsoft (R) Macro Assembler Version 6.15.8803		    09/10/19 13:59:30
eg0206.asm						     Symbols 2 - 1




Macros:

                N a m e                 Type

exit . . . . . . . . . . . . . .	Proc


Segments and Groups:

                N a m e                 Size     Length   Align   Combine Class

FLAT . . . . . . . . . . . . . .	GROUP
_DATA  . . . . . . . . . . . . .	32 Bit	 00000026 Para	  Public  'DATA'	
_TEXT  . . . . . . . . . . . . .	32 Bit	 00000035 Para	  Public  'CODE'	


Procedures,  parameters and locals:

                N a m e                 Type     Value    Attr

$$$00001 . . . . . . . . . . . .	P Near	 00000000 _TEXT	Length= 00000035 Private STDCALL
ExitProcess  . . . . . . . . . .	P Near	 00000000 FLAT	Length= 00000000 External STDCALL


Symbols:

                N a m e                 Type     Value    Attr

@CodeSize  . . . . . . . . . . .	Number	 00000000h   
@DataSize  . . . . . . . . . . .	Number	 00000000h   
@Interface . . . . . . . . . . .	Number	 00000003h   
@Model . . . . . . . . . . . . .	Number	 00000007h   
@code  . . . . . . . . . . . . .	Text   	 _TEXT
@data  . . . . . . . . . . . . .	Text   	 FLAT
@fardata?  . . . . . . . . . . .	Text   	 FLAT
@fardata . . . . . . . . . . . .	Text   	 FLAT
@stack . . . . . . . . . . . . .	Text   	 FLAT
arr_len  . . . . . . . . . . . .	Number	 0000000Bh   
arr_size . . . . . . . . . . . .	Number	 00000016h   
array  . . . . . . . . . . . . .	Word	 0000000C _DATA	
bvar . . . . . . . . . . . . . .	Byte	 00000000 _DATA	
dispbb . . . . . . . . . . . . .	L Near	 00000000 FLAT	External STDCALL
dispbd . . . . . . . . . . . . .	L Near	 00000000 FLAT	External STDCALL
dispbw . . . . . . . . . . . . .	L Near	 00000000 FLAT	External STDCALL
dispcrlf . . . . . . . . . . . .	L Near	 00000000 FLAT	External STDCALL
dispc  . . . . . . . . . . . . .	L Near	 00000000 FLAT	External STDCALL
disphb . . . . . . . . . . . . .	L Near	 00000000 FLAT	External STDCALL
disphd . . . . . . . . . . . . .	L Near	 00000000 FLAT	External STDCALL
disphw . . . . . . . . . . . . .	L Near	 00000000 FLAT	External STDCALL
dispmsg  . . . . . . . . . . . .	L Near	 00000000 FLAT	External STDCALL
disprb . . . . . . . . . . . . .	L Near	 00000000 FLAT	External STDCALL
disprd . . . . . . . . . . . . .	L Near	 00000000 FLAT	External STDCALL
disprf . . . . . . . . . . . . .	L Near	 00000000 FLAT	External STDCALL
disprw . . . . . . . . . . . . .	L Near	 00000000 FLAT	External STDCALL
dispsib  . . . . . . . . . . . .	L Near	 00000000 FLAT	External STDCALL
dispsid  . . . . . . . . . . . .	L Near	 00000000 FLAT	External STDCALL
dispsiw  . . . . . . . . . . . .	L Near	 00000000 FLAT	External STDCALL
dispuib  . . . . . . . . . . . .	L Near	 00000000 FLAT	External STDCALL
dispuid  . . . . . . . . . . . .	L Near	 00000000 FLAT	External STDCALL
dispuiw  . . . . . . . . . . . .	L Near	 00000000 FLAT	External STDCALL
dvar . . . . . . . . . . . . . .	DWord	 00000022 _DATA	
readbb . . . . . . . . . . . . .	L Near	 00000000 FLAT	External STDCALL
readbd . . . . . . . . . . . . .	L Near	 00000000 FLAT	External STDCALL
readbw . . . . . . . . . . . . .	L Near	 00000000 FLAT	External STDCALL
readc  . . . . . . . . . . . . .	L Near	 00000000 FLAT	External STDCALL
readhb . . . . . . . . . . . . .	L Near	 00000000 FLAT	External STDCALL
readhd . . . . . . . . . . . . .	L Near	 00000000 FLAT	External STDCALL
readhw . . . . . . . . . . . . .	L Near	 00000000 FLAT	External STDCALL
readmsg  . . . . . . . . . . . .	L Near	 00000000 FLAT	External STDCALL
readsib  . . . . . . . . . . . .	L Near	 00000000 FLAT	External STDCALL
readsid  . . . . . . . . . . . .	L Near	 00000000 FLAT	External STDCALL
readsiw  . . . . . . . . . . . .	L Near	 00000000 FLAT	External STDCALL
readuib  . . . . . . . . . . . .	L Near	 00000000 FLAT	External STDCALL
readuid  . . . . . . . . . . . .	L Near	 00000000 FLAT	External STDCALL
readuiw  . . . . . . . . . . . .	L Near	 00000000 FLAT	External STDCALL
start  . . . . . . . . . . . . .	L Near	 00000000 _TEXT	Public STDCALL
wvar . . . . . . . . . . . . . .	Word	 00000020 _DATA	

	   0 Warnings
	   0 Errors
